2020-03-19 05:30:05,934 DEBUG    root            Loaded Command Group: [u'gcloud', u'config']
2020-03-19 05:30:05,936 DEBUG    root            Loaded Command Group: [u'gcloud', u'config', u'config_helper']
2020-03-19 05:30:05,939 DEBUG    root            Running [gcloud.config.config-helper] with arguments: [--format: "json"]
2020-03-19 05:30:05,947 INFO     root            Display format: "default json"
2020-03-19 05:30:05,948 INFO     ___FILE_ONLY___ {
  "configuration": {
    "active_configuration": "default",
    "properties": {
      "core": {
        "account": "nehaprocurant@gmail.com",
        "disable_usage_reporting": "True",
        "project": "aakankshi-procurant"
      }
    }
  },
  "credential": {
    "access_token": "ya29.a0Adw1xeW0DOXjKbXFb1JJ3O-k68oB-5oFgcOg6dIG6SGNQDMv2eu4tciN2rI3UQDewx35MzGii-irlpRPYhoDliHtKKEpET4VCS0IuWJfdMPa0YrkRega8w9nlPcBe3xJy61VIIsv3tZLK9HXj2JxGbQFsVrk7xcYQLS7tE79kCJv",
    "token_expiry": "2020-03-19T06:30:04Z"
  },
  "sentinels": {
    "config_sentinel": "/home/nehaprocurant/.config/gcloud/config_sentinel"
  }
}
2020-03-19 05:30:05,948 INFO     ___FILE_ONLY___ 

2020-03-19 05:30:05,952 DEBUG    root            SDK update checks are disabled.
