2020-03-19 12:39:48,670 DEBUG    root            Loaded Command Group: [u'gcloud', u'config']
2020-03-19 12:39:48,672 DEBUG    root            Loaded Command Group: [u'gcloud', u'config', u'config_helper']
2020-03-19 12:39:48,674 DEBUG    root            Running [gcloud.config.config-helper] with arguments: [--format: "json"]
2020-03-19 12:39:48,687 INFO     oauth2client.client Refreshing access_token
2020-03-19 12:39:48,747 INFO     root            Display format: "default json"
2020-03-19 12:39:48,747 INFO     ___FILE_ONLY___ {
  "configuration": {
    "active_configuration": "default",
    "properties": {
      "core": {
        "account": "nehaprocurant@gmail.com",
        "disable_usage_reporting": "True",
        "project": "aakankshi-procurant"
      }
    }
  },
  "credential": {
    "access_token": "ya29.a0Adw1xeW4DoJVfKiKLMMprg09W9mKCH-1jI76s_Jphac5rbH-mgfZ6p-3imJ5bIjYz9QnV_2e3didxbG_JeW6MLanGd6wrQ1K4wNaFIABHOeGrZ51KSUwy5o1ML2vfDztJeTcpnyztfhWJ_5eh95angjEQgvqX20EkI1MQGhQsAFK",
    "token_expiry": "2020-03-19T13:39:47Z"
  },
  "sentinels": {
    "config_sentinel": "/home/nehaprocurant/.config/gcloud/config_sentinel"
  }
}
2020-03-19 12:39:48,748 INFO     ___FILE_ONLY___ 

2020-03-19 12:39:48,749 DEBUG    root            SDK update checks are disabled.
