2020-03-18 12:02:05,833 DEBUG    root            Loaded Command Group: [u'gcloud', u'config']
2020-03-18 12:02:05,835 DEBUG    root            Loaded Command Group: [u'gcloud', u'config', u'config_helper']
2020-03-18 12:02:05,838 DEBUG    root            Running [gcloud.config.config-helper] with arguments: [--format: "json"]
2020-03-18 12:02:05,847 INFO     root            Display format: "default json"
2020-03-18 12:02:05,848 INFO     ___FILE_ONLY___ {
  "configuration": {
    "active_configuration": "default",
    "properties": {
      "core": {
        "account": "nehaprocurant@gmail.com",
        "disable_usage_reporting": "True",
        "project": "aakankshi-procurant"
      }
    }
  },
  "credential": {
    "access_token": "ya29.a0Adw1xeXEmSMavxX9PCtnEksYgFkq2ZOGY1BO-ulh70Ca5yXm9VtFz9sKwryt1bfMRHd0lQvIEWzOw7Iml3or52e5VdAM8vgqWq1yYf3wL3XPbCKeUuB7WkknW3beEbU_BcZ72csYKiuvgRtdL5y6_hf9Qs1hiPZKUDgcWfHmaZWA",
    "token_expiry": "2020-03-18T13:02:04Z"
  },
  "sentinels": {
    "config_sentinel": "/home/nehaprocurant/.config/gcloud/config_sentinel"
  }
}
2020-03-18 12:02:05,848 INFO     ___FILE_ONLY___ 

2020-03-18 12:02:05,852 DEBUG    root            SDK update checks are disabled.
